<?xml version="1.0" encoding="UTF-8"?>
<!-- Generated by org.testng.reporters.JUnitReportReporter -->
<testsuite hostname="Sameer" failures="0" tests="3" name="testjava.LoginPageTest" time="2.462" errors="0" timestamp="2022-07-09T16:20:50 IST" skipped="0">
  <testcase classname="testjava.LoginPageTest" name="verifyUrl" time="0.031"/>
  <system-out>
https://opensource-demo.orangehrmlive.com/  </system-out>
  <testcase classname="testjava.LoginPageTest" name="verifyTitle" time="0.013"/>
  <system-out/>
  <testcase classname="testjava.LoginPageTest" name="verifyLoginWithinCorrect" time="2.418"/>
  <system-out/>
</testsuite> <!-- testjava.LoginPageTest -->
