<?xml version="1.0" encoding="UTF-8"?>
<!-- Generated by org.testng.reporters.JUnitReportReporter -->
<testsuite hostname="Sameer" failures="0" tests="5" name="testjava.DashboardPageTest" time="11.566" errors="0" timestamp="2022-07-13T17:10:02 IST" skipped="0">
  <testcase classname="testjava.DashboardPageTest" name="dashlog" time="11.314"/>
  <system-out/>
  <testcase classname="testjava.DashboardPageTest" name="verifyUrl" time="0.011"/>
  <system-out>
https://opensource-demo.orangehrmlive.com/index.php/dashboard  </system-out>
  <testcase classname="testjava.DashboardPageTest" name="verifyTitle" time="0.010"/>
  <system-out>
OrangeHRM  </system-out>
  <testcase classname="testjava.DashboardPageTest" name="verifyDash" time="0.169"/>
  <system-out>
Dashboard  </system-out>
  <testcase classname="testjava.DashboardPageTest" name="verifyColor" time="0.062"/>
  <system-out>
rgba(242, 140, 56, 1)  </system-out>
</testsuite> <!-- testjava.DashboardPageTest -->
