<?xml version="1.0" encoding="UTF-8"?>
<!-- Generated by org.testng.reporters.JUnitReportReporter -->
<testsuite hostname="Sameer" failures="0" tests="5" name="testjava.AdminPageTest" time="16.064" errors="0" timestamp="2022-07-13T17:10:02 IST" skipped="0">
  <testcase classname="testjava.AdminPageTest" name="adminlog" time="7.745"/>
  <system-out/>
  <testcase classname="testjava.AdminPageTest" name="verifyAdminBtn" time="2.831"/>
  <system-out>
rgba(242, 140, 56, 1)  </system-out>
  <testcase classname="testjava.AdminPageTest" name="verifySystemUser" time="2.479"/>
  <system-out/>
  <testcase classname="testjava.AdminPageTest" name="verifyAlternateCheckbox" time="2.882"/>
  <system-out/>
  <testcase classname="testjava.AdminPageTest" name="verifySecificCheckbox" time="0.127"/>
  <system-out/>
</testsuite> <!-- testjava.AdminPageTest -->
